[2017-11-09T20:02Z] compute-a-16-45.o2.rc.hms.harvard.edu: System YAML configuration: /n/app/bcbio/dev/galaxy/bcbio_system.yaml
[2017-11-09T20:03Z] compute-a-16-45.o2.rc.hms.harvard.edu: Timing: organize samples
[2017-11-09T20:03Z] compute-a-16-45.o2.rc.hms.harvard.edu: ipython: organize_samples
[2017-11-09T20:03Z] compute-a-16-50.o2.rc.hms.harvard.edu: Using input YAML configuration: /n/scratch2/XXX/data/bcbio/config/bcbio.yaml
[2017-11-09T20:03Z] compute-a-16-50.o2.rc.hms.harvard.edu: Checking sample YAML configuration: /n/scratch2/XXX/data/bcbio/config/bcbio.yaml
[2017-11-09T20:03Z] compute-a-16-50.o2.rc.hms.harvard.edu: Testing minimum versions of installed programs
[2017-11-09T20:03Z] compute-a-16-45.o2.rc.hms.harvard.edu: ipython: prepare_sample
[2017-11-09T20:04Z] compute-a-16-45.o2.rc.hms.harvard.edu: Timing: singlecell-rnaseq
[2017-11-09T20:04Z] compute-a-16-45.o2.rc.hms.harvard.edu: ipython: run_umi_transform
[2017-11-10T01:09Z] compute-a-16-45.o2.rc.hms.harvard.edu: ipython: demultiplex_samples
[2017-11-10T03:35Z] compute-a-16-45.o2.rc.hms.harvard.edu: ipython: run_filter_barcodes
[2017-11-10T12:14Z] compute-a-16-45.o2.rc.hms.harvard.edu: ipython: run_barcode_histogram
[2017-11-10T12:44Z] compute-a-16-45.o2.rc.hms.harvard.edu: ipython: run_rapmap_align
[2017-11-10T16:01Z] compute-a-16-45.o2.rc.hms.harvard.edu: ipython: run_tagcount
[2017-11-10T20:04Z] compute-a-16-45.o2.rc.hms.harvard.edu: ipython: run_concatenate_sparse_counts
[2017-11-10T20:07Z] compute-a-16-45.o2.rc.hms.harvard.edu: Timing: quality control
[2017-11-10T20:07Z] compute-a-16-45.o2.rc.hms.harvard.edu: ipython: pipeline_summary
[2017-11-10T20:07Z] compute-a-16-45.o2.rc.hms.harvard.edu: ipython: qsignature_summary
[2017-11-10T20:07Z] compute-a-16-45.o2.rc.hms.harvard.edu: ipython: multiqc_summary
[2017-11-10T20:07Z] compute-a-16-42.o2.rc.hms.harvard.edu: copy qsignature
[2017-11-10T20:07Z] compute-a-16-42.o2.rc.hms.harvard.edu: summarize fastqc
[2017-11-10T20:07Z] compute-a-16-42.o2.rc.hms.harvard.edu: summarize target information
[2017-11-10T20:07Z] compute-a-16-42.o2.rc.hms.harvard.edu: summarize coverage
[2017-11-10T20:07Z] compute-a-16-42.o2.rc.hms.harvard.edu: summarize variants
[2017-11-10T20:07Z] compute-a-16-42.o2.rc.hms.harvard.edu: summarize metrics
[2017-11-10T20:07Z] compute-a-16-45.o2.rc.hms.harvard.edu: Timing: upload
[2017-11-10T20:07Z] compute-a-16-45.o2.rc.hms.harvard.edu: ipython: upload_samples
[2017-11-10T20:07Z] compute-a-16-42.o2.rc.hms.harvard.edu: Storing in local filesystem: /n/data1/XXX/final/run1-TATGCAGT/run1-TATGCAGT-transcriptome.bam
[2017-11-10T20:07Z] compute-a-16-42.o2.rc.hms.harvard.edu: Storing in local filesystem: /n/data1/XXX/final/run2-TATGCAGT/run2-TATGCAGT-transcriptome.bam
[2017-11-10T20:07Z] compute-a-16-42.o2.rc.hms.harvard.edu: Storing in local filesystem: /n/data1/XXX/final/run2-TATGCAGT/run2-TATGCAGT.mtx
[2017-11-10T20:07Z] compute-a-16-42.o2.rc.hms.harvard.edu: Storing in local filesystem: /n/data1/XXX/final/run2-TATGCAGT/run2-TATGCAGT.mtx.rownames
[2017-11-10T20:07Z] compute-a-16-42.o2.rc.hms.harvard.edu: Storing in local filesystem: /n/data1/XXX/final/run2-TATGCAGT/run2-TATGCAGT.mtx.colnames
[2017-11-10T20:07Z] compute-a-16-42.o2.rc.hms.harvard.edu: Storing in local filesystem: /n/data1/XXX/final/run2-TATGCAGT/run2-TATGCAGT-barcodes.tsv
[2017-11-10T20:07Z] compute-a-16-42.o2.rc.hms.harvard.edu: Storing in local filesystem: /n/data1/XXX/final/run1-TACTCCTT/run1-TACTCCTT-transcriptome.bam
[2017-11-10T20:07Z] compute-a-16-42.o2.rc.hms.harvard.edu: Storing in local filesystem: /n/data1/XXX/final/run1-TATGCAGT/run1-TATGCAGT.mtx
[2017-11-10T20:07Z] compute-a-16-42.o2.rc.hms.harvard.edu: Storing in local filesystem: /n/data1/XXX/final/run1-TATGCAGT/run1-TATGCAGT.mtx.rownames
[2017-11-10T20:07Z] compute-a-16-42.o2.rc.hms.harvard.edu: Storing in local filesystem: /n/data1/XXX/final/run1-TATGCAGT/run1-TATGCAGT.mtx.colnames
[2017-11-10T20:07Z] compute-a-16-42.o2.rc.hms.harvard.edu: Storing in local filesystem: /n/data1/XXX/final/run1-TATGCAGT/run1-TATGCAGT-barcodes.tsv
[2017-11-10T20:07Z] compute-a-16-42.o2.rc.hms.harvard.edu: Storing in local filesystem: /n/data1/XXX/final/run1-CTCCTTAC/run1-CTCCTTAC-transcriptome.bam
[2017-11-10T20:08Z] compute-a-16-42.o2.rc.hms.harvard.edu: Storing in local filesystem: /n/data1/XXX/final/run1-TACTCCTT/run1-TACTCCTT.mtx
[2017-11-10T20:08Z] compute-a-16-42.o2.rc.hms.harvard.edu: Storing in local filesystem: /n/data1/XXX/final/run1-TACTCCTT/run1-TACTCCTT.mtx.rownames
[2017-11-10T20:08Z] compute-a-16-42.o2.rc.hms.harvard.edu: Storing in local filesystem: /n/data1/XXX/final/run1-TACTCCTT/run1-TACTCCTT.mtx.colnames
[2017-11-10T20:08Z] compute-a-16-42.o2.rc.hms.harvard.edu: Storing in local filesystem: /n/data1/XXX/final/run1-TACTCCTT/run1-TACTCCTT-barcodes.tsv
[2017-11-10T20:08Z] compute-a-16-42.o2.rc.hms.harvard.edu: Storing in local filesystem: /n/data1/XXX/final/run2-AGGCTTAG/run2-AGGCTTAG-transcriptome.bam
[2017-11-10T20:08Z] compute-a-16-42.o2.rc.hms.harvard.edu: Storing in local filesystem: /n/data1/XXX/final/run2-AGGCTTAG/run2-AGGCTTAG.mtx
[2017-11-10T20:08Z] compute-a-16-42.o2.rc.hms.harvard.edu: Storing in local filesystem: /n/data1/XXX/final/run2-AGGCTTAG/run2-AGGCTTAG.mtx.rownames
[2017-11-10T20:08Z] compute-a-16-42.o2.rc.hms.harvard.edu: Storing in local filesystem: /n/data1/XXX/final/run2-AGGCTTAG/run2-AGGCTTAG.mtx.colnames
[2017-11-10T20:08Z] compute-a-16-42.o2.rc.hms.harvard.edu: Storing in local filesystem: /n/data1/XXX/final/run2-AGGCTTAG/run2-AGGCTTAG-barcodes.tsv
[2017-11-10T20:08Z] compute-a-16-42.o2.rc.hms.harvard.edu: Storing in local filesystem: /n/data1/XXX/final/run1-AGAGGATA/run1-AGAGGATA-transcriptome.bam
[2017-11-10T20:08Z] compute-a-16-42.o2.rc.hms.harvard.edu: Storing in local filesystem: /n/data1/XXX/final/run1-CTCCTTAC/run1-CTCCTTAC.mtx
[2017-11-10T20:08Z] compute-a-16-42.o2.rc.hms.harvard.edu: Storing in local filesystem: /n/data1/XXX/final/run1-CTCCTTAC/run1-CTCCTTAC.mtx.rownames
[2017-11-10T20:08Z] compute-a-16-42.o2.rc.hms.harvard.edu: Storing in local filesystem: /n/data1/XXX/final/run1-CTCCTTAC/run1-CTCCTTAC.mtx.colnames
[2017-11-10T20:08Z] compute-a-16-42.o2.rc.hms.harvard.edu: Storing in local filesystem: /n/data1/XXX/final/run1-CTCCTTAC/run1-CTCCTTAC-barcodes.tsv
[2017-11-10T20:08Z] compute-a-16-42.o2.rc.hms.harvard.edu: Storing in local filesystem: /n/data1/XXX/final/run1-AGGCTTAG/run1-AGGCTTAG-transcriptome.bam
[2017-11-10T20:08Z] compute-a-16-42.o2.rc.hms.harvard.edu: Storing in local filesystem: /n/data1/XXX/final/run1-AGGCTTAG/run1-AGGCTTAG.mtx
[2017-11-10T20:08Z] compute-a-16-42.o2.rc.hms.harvard.edu: Storing in local filesystem: /n/data1/XXX/final/run1-AGGCTTAG/run1-AGGCTTAG.mtx.rownames
[2017-11-10T20:08Z] compute-a-16-42.o2.rc.hms.harvard.edu: Storing in local filesystem: /n/data1/XXX/final/run1-AGGCTTAG/run1-AGGCTTAG.mtx.colnames
[2017-11-10T20:09Z] compute-a-16-42.o2.rc.hms.harvard.edu: Storing in local filesystem: /n/data1/XXX/final/run1-AGGCTTAG/run1-AGGCTTAG-barcodes.tsv
[2017-11-10T20:09Z] compute-a-16-42.o2.rc.hms.harvard.edu: Storing in local filesystem: /n/data1/XXX/final/run2-ATAGAGAG/run2-ATAGAGAG-transcriptome.bam
[2017-11-10T20:09Z] compute-a-16-42.o2.rc.hms.harvard.edu: Storing in local filesystem: /n/data1/XXX/final/run2-ATAGAGAG/run2-ATAGAGAG.mtx
[2017-11-10T20:09Z] compute-a-16-42.o2.rc.hms.harvard.edu: Storing in local filesystem: /n/data1/XXX/final/run2-ATAGAGAG/run2-ATAGAGAG.mtx.rownames
[2017-11-10T20:09Z] compute-a-16-42.o2.rc.hms.harvard.edu: Storing in local filesystem: /n/data1/XXX/final/run2-ATAGAGAG/run2-ATAGAGAG.mtx.colnames
[2017-11-10T20:09Z] compute-a-16-42.o2.rc.hms.harvard.edu: Storing in local filesystem: /n/data1/XXX/final/run2-ATAGAGAG/run2-ATAGAGAG-barcodes.tsv
[2017-11-10T20:09Z] compute-a-16-42.o2.rc.hms.harvard.edu: Storing in local filesystem: /n/data1/XXX/final/run2-TACTCCTT/run2-TACTCCTT-transcriptome.bam
[2017-11-10T20:09Z] compute-a-16-42.o2.rc.hms.harvard.edu: Storing in local filesystem: /n/data1/XXX/final/run1-AGAGGATA/run1-AGAGGATA.mtx
[2017-11-10T20:09Z] compute-a-16-42.o2.rc.hms.harvard.edu: Storing in local filesystem: /n/data1/XXX/final/run1-AGAGGATA/run1-AGAGGATA.mtx.rownames
[2017-11-10T20:09Z] compute-a-16-42.o2.rc.hms.harvard.edu: Storing in local filesystem: /n/data1/XXX/final/run1-AGAGGATA/run1-AGAGGATA.mtx.colnames
[2017-11-10T20:09Z] compute-a-16-42.o2.rc.hms.harvard.edu: Storing in local filesystem: /n/data1/XXX/final/run1-AGAGGATA/run1-AGAGGATA-barcodes.tsv
[2017-11-10T20:09Z] compute-a-16-42.o2.rc.hms.harvard.edu: Storing in local filesystem: /n/data1/XXX/final/run1-ATAGAGAG/run1-ATAGAGAG-transcriptome.bam
[2017-11-10T20:09Z] compute-a-16-42.o2.rc.hms.harvard.edu: Storing in local filesystem: /n/data1/XXX/final/run2-TACTCCTT/run2-TACTCCTT.mtx
[2017-11-10T20:09Z] compute-a-16-42.o2.rc.hms.harvard.edu: Storing in local filesystem: /n/data1/XXX/final/run2-TACTCCTT/run2-TACTCCTT.mtx.rownames
[2017-11-10T20:09Z] compute-a-16-42.o2.rc.hms.harvard.edu: Storing in local filesystem: /n/data1/XXX/final/run2-TACTCCTT/run2-TACTCCTT.mtx.colnames
[2017-11-10T20:09Z] compute-a-16-42.o2.rc.hms.harvard.edu: Storing in local filesystem: /n/data1/XXX/final/run2-TACTCCTT/run2-TACTCCTT-barcodes.tsv
[2017-11-10T20:09Z] compute-a-16-42.o2.rc.hms.harvard.edu: Storing in local filesystem: /n/data1/XXX/final/run2-AGAGGATA/run2-AGAGGATA-transcriptome.bam
[2017-11-10T20:09Z] compute-a-16-42.o2.rc.hms.harvard.edu: Storing in local filesystem: /n/data1/XXX/final/run1-ATAGAGAG/run1-ATAGAGAG.mtx
[2017-11-10T20:09Z] compute-a-16-42.o2.rc.hms.harvard.edu: Storing in local filesystem: /n/data1/XXX/final/run1-ATAGAGAG/run1-ATAGAGAG.mtx.rownames
[2017-11-10T20:09Z] compute-a-16-42.o2.rc.hms.harvard.edu: Storing in local filesystem: /n/data1/XXX/final/run1-ATAGAGAG/run1-ATAGAGAG.mtx.colnames
[2017-11-10T20:09Z] compute-a-16-42.o2.rc.hms.harvard.edu: Storing in local filesystem: /n/data1/XXX/final/run1-ATAGAGAG/run1-ATAGAGAG-barcodes.tsv
[2017-11-10T20:09Z] compute-a-16-42.o2.rc.hms.harvard.edu: Storing in local filesystem: /n/data1/XXX/final/run2-CTCCTTAC/run2-CTCCTTAC-transcriptome.bam
[2017-11-10T20:10Z] compute-a-16-42.o2.rc.hms.harvard.edu: Storing in local filesystem: /n/data1/XXX/final/run2-AGAGGATA/run2-AGAGGATA.mtx
[2017-11-10T20:10Z] compute-a-16-42.o2.rc.hms.harvard.edu: Storing in local filesystem: /n/data1/XXX/final/run2-AGAGGATA/run2-AGAGGATA.mtx.rownames
[2017-11-10T20:10Z] compute-a-16-42.o2.rc.hms.harvard.edu: Storing in local filesystem: /n/data1/XXX/final/run2-AGAGGATA/run2-AGAGGATA.mtx.colnames
[2017-11-10T20:10Z] compute-a-16-42.o2.rc.hms.harvard.edu: Storing in local filesystem: /n/data1/XXX/final/run2-AGAGGATA/run2-AGAGGATA-barcodes.tsv
[2017-11-10T20:10Z] compute-a-16-42.o2.rc.hms.harvard.edu: Storing in local filesystem: /n/data1/XXX/final/run2-CTCCTTAC/run2-CTCCTTAC.mtx
[2017-11-10T20:10Z] compute-a-16-42.o2.rc.hms.harvard.edu: Storing in local filesystem: /n/data1/XXX/final/run2-CTCCTTAC/run2-CTCCTTAC.mtx.rownames
[2017-11-10T20:10Z] compute-a-16-42.o2.rc.hms.harvard.edu: Storing in local filesystem: /n/data1/XXX/final/run2-CTCCTTAC/run2-CTCCTTAC.mtx.colnames
[2017-11-10T20:10Z] compute-a-16-42.o2.rc.hms.harvard.edu: Storing in local filesystem: /n/data1/XXX/final/run2-CTCCTTAC/run2-CTCCTTAC-barcodes.tsv
[2017-11-10T20:10Z] compute-a-16-45.o2.rc.hms.harvard.edu: ipython: upload_samples_project
[2017-11-10T20:10Z] compute-a-16-42.o2.rc.hms.harvard.edu: Storing in local filesystem: /n/data1/XXX/final/2017-11-10_bcbio/programs.txt
[2017-11-10T20:10Z] compute-a-16-42.o2.rc.hms.harvard.edu: Storing in local filesystem: /n/data1/XXX/final/2017-11-10_bcbio/data_versions.csv
[2017-11-10T20:10Z] compute-a-16-42.o2.rc.hms.harvard.edu: Storing in local filesystem: /n/data1/XXX/final/2017-11-10_bcbio/bcbio-nextgen.log
[2017-11-10T20:10Z] compute-a-16-42.o2.rc.hms.harvard.edu: Storing in local filesystem: /n/data1/XXX/final/2017-11-10_bcbio/bcbio-nextgen-commands.log
[2017-11-10T20:10Z] compute-a-16-42.o2.rc.hms.harvard.edu: Storing in local filesystem: /n/data1/XXX/final/2017-11-10_bcbio/project-summary.yaml
[2017-11-10T20:10Z] compute-a-16-42.o2.rc.hms.harvard.edu: Storing in local filesystem: /n/data1/XXX/final/2017-11-10_bcbio/tagcounts.mtx
[2017-11-10T20:10Z] compute-a-16-42.o2.rc.hms.harvard.edu: Storing in local filesystem: /n/data1/XXX/final/2017-11-10_bcbio/tagcounts.mtx.rownames
[2017-11-10T20:10Z] compute-a-16-42.o2.rc.hms.harvard.edu: Storing in local filesystem: /n/data1/XXX/final/2017-11-10_bcbio/tagcounts.mtx.colnames
[2017-11-10T20:10Z] compute-a-16-45.o2.rc.hms.harvard.edu: ipython: upload_samples_project
[2017-11-10T20:10Z] compute-a-16-42.o2.rc.hms.harvard.edu: Storing in local filesystem: /n/data1/XXX/final/2017-11-10_bcbio/bcbio-nextgen.log
